Information:
  Physical Cores: 8
  Logical Cores: 16
  Allocated Memory: 8172 MB
  Max Memory: 32678 MB
  CPU Model: AMD Ryzen 7 3700X 8-Core Processor             
  Memory type: DDR4
  Operating System: Windows

Compression Algorithm: NoCompression

Original Size: 10022 bytes -> Compressed Size: 10022 bytes
Compression Time: 0.001 ms
Decompression Time: 0.001 ms
Compression Ratio: 1.000
Decompressed length (bytes): 10022
Data Integrity: PASS

NoksDB Compression Benchmarks:
Iterations: 1 | Save Time: 3.697 ms | Load Time: 3.556 ms
Iterations: 10 | Save Time: 0.801 ms | Load Time: 2.250 ms
Iterations: 100 | Save Time: 2.901 ms | Load Time: 2.779 ms
Iterations: 1000 | Save Time: 4.970 ms | Load Time: 5.762 ms
Iterations: 10000 | Save Time: 10.847 ms | Load Time: 15.006 ms
Iterations: 100000 | Save Time: 50.341 ms | Load Time: 69.778 ms

Compression Algorithm: LZMACompression

Original Size: 10022 bytes -> Compressed Size: 86 bytes
Compression Time: 63.403 ms
Decompression Time: 53.099 ms
Compression Ratio: 0.009
Decompressed length (bytes): 10022
Data Integrity: PASS

NoksDB Compression Benchmarks:
Iterations: 1 | Save Time: 32.585 ms | Load Time: 3.838 ms
Iterations: 10 | Save Time: 19.731 ms | Load Time: 3.219 ms
Iterations: 100 | Save Time: 17.167 ms | Load Time: 4.446 ms
Iterations: 1000 | Save Time: 37.178 ms | Load Time: 6.983 ms
Iterations: 10000 | Save Time: 310.072 ms | Load Time: 21.459 ms
Iterations: 100000 | Save Time: 1822.512 ms | Load Time: 86.522 ms

Compression Algorithm: SnappyCompression

Original Size: 10022 bytes -> Compressed Size: 498 bytes
Compression Time: 0.314 ms
Decompression Time: 0.112 ms
Compression Ratio: 0.050
Decompressed length (bytes): 10022
Data Integrity: PASS

NoksDB Compression Benchmarks:
Iterations: 1 | Save Time: 0.741 ms | Load Time: 1.921 ms
Iterations: 10 | Save Time: 0.562 ms | Load Time: 1.488 ms
Iterations: 100 | Save Time: 1.194 ms | Load Time: 1.688 ms
Iterations: 1000 | Save Time: 1.118 ms | Load Time: 1.888 ms
Iterations: 10000 | Save Time: 3.718 ms | Load Time: 18.679 ms
Iterations: 100000 | Save Time: 28.204 ms | Load Time: 38.187 ms

Compression Algorithm: GzipCompression

Original Size: 10022 bytes -> Compressed Size: 73 bytes
Compression Time: 1.662 ms
Decompression Time: 0.526 ms
Compression Ratio: 0.007
Decompressed length (bytes): 10022
Data Integrity: PASS

NoksDB Compression Benchmarks:
Iterations: 1 | Save Time: 1.137 ms | Load Time: 1.310 ms
Iterations: 10 | Save Time: 0.753 ms | Load Time: 1.406 ms
Iterations: 100 | Save Time: 0.814 ms | Load Time: 1.253 ms
Iterations: 1000 | Save Time: 1.655 ms | Load Time: 1.783 ms
Iterations: 10000 | Save Time: 12.381 ms | Load Time: 5.879 ms
Iterations: 100000 | Save Time: 114.806 ms | Load Time: 37.693 ms

Compression Algorithm: DeflateCompression

Original Size: 10022 bytes -> Compressed Size: 61 bytes
Compression Time: 0.221 ms
Decompression Time: 0.069 ms
Compression Ratio: 0.006
Decompressed length (bytes): 10022
Data Integrity: PASS

NoksDB Compression Benchmarks:
Iterations: 1 | Save Time: 0.567 ms | Load Time: 0.898 ms
Iterations: 10 | Save Time: 0.474 ms | Load Time: 0.955 ms
Iterations: 100 | Save Time: 0.765 ms | Load Time: 0.971 ms
Iterations: 1000 | Save Time: 4.684 ms | Load Time: 1.226 ms
Iterations: 10000 | Save Time: 65.488 ms | Load Time: 5.019 ms
Iterations: 100000 | Save Time: 430.125 ms | Load Time: 38.450 ms

